[debug] [2022-07-04T13:00:38.831Z] ----------------------------------------------------------------------
[debug] [2022-07-04T13:00:38.834Z] Command:       C:\Program Files\nodejs\node.exe C:\Users\valir\AppData\Roaming\npm\node_modules\firebase-tools\lib\bin\firebase.js init
[debug] [2022-07-04T13:00:38.835Z] CLI Version:   10.6.0
[debug] [2022-07-04T13:00:38.836Z] Platform:      win32
[debug] [2022-07-04T13:00:38.836Z] Node Version:  v16.13.2
[debug] [2022-07-04T13:00:38.849Z] Time:          Mon Jul 04 2022 18:00:38 GMT+0500 (Uzbekistan Standard Time)
[debug] [2022-07-04T13:00:38.850Z] ----------------------------------------------------------------------
[debug] 
[debug] [2022-07-04T13:00:38.856Z] >>> [apiv2][query] GET https://firebase-public.firebaseio.com/cli.json [none]
[debug] [2022-07-04T13:00:38.893Z] > command requires scopes: ["email","openid","https://www.googleapis.com/auth/cloudplatformprojects.readonly","https://www.googleapis.com/auth/firebase","https://www.googleapis.com/auth/cloud-platform"]
[debug] [2022-07-04T13:00:38.893Z] > authorizing via signed-in user (valiruziboyev212@gmail.com)
[info] 
     ######## #### ########  ######## ########     ###     ######  ########
     ##        ##  ##     ## ##       ##     ##  ##   ##  ##       ##
     ######    ##  ########  ######   ########  #########  ######  ######
     ##        ##  ##    ##  ##       ##     ## ##     ##       ## ##
     ##       #### ##     ## ######## ########  ##     ##  ######  ########

You're about to initialize a Firebase project in this directory:

  D:\Projects\amazon-clone

[debug] [2022-07-04T13:00:39.512Z] <<< [apiv2][status] GET https://firebase-public.firebaseio.com/cli.json 200
[debug] [2022-07-04T13:00:39.512Z] <<< [apiv2][body] GET https://firebase-public.firebaseio.com/cli.json {"cloudBuildErrorAfter":1594252800000,"cloudBuildWarnAfter":1590019200000,"defaultNode10After":1594252800000,"minVersion":"3.0.5","node8DeploysDisabledAfter":1613390400000,"node8RuntimeDisabledAfter":1615809600000,"node8WarnAfter":1600128000000}
